<?xml version="1.0" encoding="UTF-8"?>
<testsuite name="ru.stqa.pft.addressbook.tests.GroupDeletionTests" tests="1" skipped="0" failures="0" errors="0" timestamp="2017-12-29T12:17:12" hostname="Vitalys-MBP" time="1.198">
  <properties/>
  <testcase name="GroupDeletionTests" classname="ru.stqa.pft.addressbook.tests.GroupDeletionTests" time="1.198"/>
  <system-out><![CDATA[]]></system-out>
  <system-err><![CDATA[]]></system-err>
</testsuite>
