<?xml version="1.0" encoding="UTF-8"?>
<testsuite name="ru.stqa.pft.addressbook.tests.GroupModificationTests" tests="1" skipped="0" failures="0" errors="0" timestamp="2017-12-29T14:45:49" hostname="Vitalys-MBP" time="2.264">
  <properties/>
  <testcase name="testGroupModification" classname="ru.stqa.pft.addressbook.tests.GroupModificationTests" time="2.264"/>
  <system-out><![CDATA[08:45:49.178 [Test worker] INFO  r.s.pft.addressbook.tests.TestBase - Start test testGroupModification with parameters []
]]></system-out>
  <system-err><![CDATA[]]></system-err>
</testsuite>
