<?xml version="1.0" encoding="UTF-8"?>
<testsuite name="ru.stqa.pft.addressbook.tests.GroupDeletionTests" tests="1" skipped="0" failures="0" errors="0" timestamp="2017-12-29T14:45:51" hostname="Vitalys-MBP" time="1.847">
  <properties/>
  <testcase name="GroupDeletionTests" classname="ru.stqa.pft.addressbook.tests.GroupDeletionTests" time="1.847"/>
  <system-out><![CDATA[08:45:51.580 [Test worker] INFO  r.s.pft.addressbook.tests.TestBase - Start test GroupDeletionTests with parameters []
]]></system-out>
  <system-err><![CDATA[]]></system-err>
</testsuite>
