<?xml version="1.0" encoding="UTF-8"?>
<testsuite name="ru.stqa.pft.addressbook.tests.ContactAddressTests" tests="1" skipped="0" failures="0" errors="0" timestamp="2018-01-02T17:11:34" hostname="Vitalys-MBP" time="0.357">
  <properties/>
  <testcase name="testContactAddress" classname="ru.stqa.pft.addressbook.tests.ContactAddressTests" time="0.357"/>
  <system-out><![CDATA[11:11:34.368 [Test worker] INFO  r.s.pft.addressbook.tests.TestBase - Start test testContactAddress with parameters []
]]></system-out>
  <system-err><![CDATA[]]></system-err>
</testsuite>
