<?xml version="1.0" encoding="UTF-8"?>
<testsuite name="ru.stqa.pft.addressbook.tests.ContactEmailTests" tests="1" skipped="0" failures="0" errors="0" timestamp="2018-01-02T17:11:33" hostname="Vitalys-MBP" time="0.498">
  <properties/>
  <testcase name="testContactEmail" classname="ru.stqa.pft.addressbook.tests.ContactEmailTests" time="0.498"/>
  <system-out><![CDATA[11:11:31.280 [Test worker] INFO  r.s.pft.addressbook.tests.TestBase - Start test testContactEmail with parameters []
]]></system-out>
  <system-err><![CDATA[]]></system-err>
</testsuite>
