<?xml version="1.0" encoding="UTF-8"?>
<testsuite name="ru.stqa.pft.addressbook.tests.ContactDeletionTests" tests="1" skipped="0" failures="0" errors="0" timestamp="2017-12-29T12:19:07" hostname="Vitalys-MBP" time="5.251">
  <properties/>
  <testcase name="ContactDeletionTests" classname="ru.stqa.pft.addressbook.tests.ContactDeletionTests" time="5.251"/>
  <system-out><![CDATA[]]></system-out>
  <system-err><![CDATA[]]></system-err>
</testsuite>
