<?xml version="1.0" encoding="UTF-8"?>
<testsuite name="ru.stqa.pft.addressbook.tests.ContactCreationTests" tests="4" skipped="0" failures="0" errors="0" timestamp="2018-01-02T17:11:17" hostname="Vitalys-MBP" time="7.611">
  <properties/>
  <testcase name="testBadContactCreation" classname="ru.stqa.pft.addressbook.tests.ContactCreationTests" time="1.703"/>
  <testcase name="testContactCreation[0](ContactData{id=0, name='Name 0', lastname='Lastname 0', homePhone='1212230', mobilePhone='93012335', workPhone='0121223', allPhones='null', email='test0@test.com', email2='test0@test2.com', email3='test0@test3.com', allEmails='null', address='Hackerway 0'})" classname="ru.stqa.pft.addressbook.tests.ContactCreationTests" time="2.025"/>
  <testcase name="testContactCreation[1](ContactData{id=0, name='Name 1', lastname='Lastname 1', homePhone='1212231', mobilePhone='93112335', workPhone='1121223', allPhones='null', email='test1@test.com', email2='test1@test2.com', email3='test1@test3.com', allEmails='null', address='Hackerway 1'})" classname="ru.stqa.pft.addressbook.tests.ContactCreationTests" time="1.897"/>
  <testcase name="testContactCreation[2](ContactData{id=0, name='Name 2', lastname='Lastname 2', homePhone='1212232', mobilePhone='93212335', workPhone='2121223', allPhones='null', email='test2@test.com', email2='test2@test2.com', email3='test2@test3.com', allEmails='null', address='Hackerway 2'})" classname="ru.stqa.pft.addressbook.tests.ContactCreationTests" time="1.892"/>
  <system-out><![CDATA[11:11:17.857 [Test worker] INFO  r.s.pft.addressbook.tests.TestBase - Start test testBadContactCreation with parameters []
11:11:17.941 [Test worker] INFO  o.h.h.i.QueryTranslatorFactoryInitiator - HHH000397: Using ASTQueryTranslatorFactory
Hibernate: select contactdat0_.id as id1_0_, contactdat0_.address as address2_0_, contactdat0_.email as email3_0_, contactdat0_.email2 as email4_0_, contactdat0_.email3 as email5_0_, contactdat0_.home as home6_0_, contactdat0_.lastname as lastname7_0_, contactdat0_.mobile as mobile8_0_, contactdat0_.firstname as firstnam9_0_, contactdat0_.photo as photo10_0_, contactdat0_.work as work11_0_ from addressbook contactdat0_ where deprecated='0000-00-00'
Hibernate: select contactdat0_.id as id1_0_, contactdat0_.address as address2_0_, contactdat0_.email as email3_0_, contactdat0_.email2 as email4_0_, contactdat0_.email3 as email5_0_, contactdat0_.home as home6_0_, contactdat0_.lastname as lastname7_0_, contactdat0_.mobile as mobile8_0_, contactdat0_.firstname as firstnam9_0_, contactdat0_.photo as photo10_0_, contactdat0_.work as work11_0_ from addressbook contactdat0_ where deprecated='0000-00-00'
Hibernate: select contactdat0_.id as id1_0_, contactdat0_.address as address2_0_, contactdat0_.email as email3_0_, contactdat0_.email2 as email4_0_, contactdat0_.email3 as email5_0_, contactdat0_.home as home6_0_, contactdat0_.lastname as lastname7_0_, contactdat0_.mobile as mobile8_0_, contactdat0_.firstname as firstnam9_0_, contactdat0_.photo as photo10_0_, contactdat0_.work as work11_0_ from addressbook contactdat0_ where deprecated='0000-00-00'
Hibernate: select contactdat0_.id as id1_0_, contactdat0_.address as address2_0_, contactdat0_.email as email3_0_, contactdat0_.email2 as email4_0_, contactdat0_.email3 as email5_0_, contactdat0_.home as home6_0_, contactdat0_.lastname as lastname7_0_, contactdat0_.mobile as mobile8_0_, contactdat0_.firstname as firstnam9_0_, contactdat0_.photo as photo10_0_, contactdat0_.work as work11_0_ from addressbook contactdat0_ where deprecated='0000-00-00'
Hibernate: select contactdat0_.id as id1_0_, contactdat0_.address as address2_0_, contactdat0_.email as email3_0_, contactdat0_.email2 as email4_0_, contactdat0_.email3 as email5_0_, contactdat0_.home as home6_0_, contactdat0_.lastname as lastname7_0_, contactdat0_.mobile as mobile8_0_, contactdat0_.firstname as firstnam9_0_, contactdat0_.photo as photo10_0_, contactdat0_.work as work11_0_ from addressbook contactdat0_ where deprecated='0000-00-00'
Hibernate: select contactdat0_.id as id1_0_, contactdat0_.address as address2_0_, contactdat0_.email as email3_0_, contactdat0_.email2 as email4_0_, contactdat0_.email3 as email5_0_, contactdat0_.home as home6_0_, contactdat0_.lastname as lastname7_0_, contactdat0_.mobile as mobile8_0_, contactdat0_.firstname as firstnam9_0_, contactdat0_.photo as photo10_0_, contactdat0_.work as work11_0_ from addressbook contactdat0_ where deprecated='0000-00-00'
Hibernate: select contactdat0_.id as id1_0_, contactdat0_.address as address2_0_, contactdat0_.email as email3_0_, contactdat0_.email2 as email4_0_, contactdat0_.email3 as email5_0_, contactdat0_.home as home6_0_, contactdat0_.lastname as lastname7_0_, contactdat0_.mobile as mobile8_0_, contactdat0_.firstname as firstnam9_0_, contactdat0_.photo as photo10_0_, contactdat0_.work as work11_0_ from addressbook contactdat0_ where deprecated='0000-00-00'
Hibernate: select contactdat0_.id as id1_0_, contactdat0_.address as address2_0_, contactdat0_.email as email3_0_, contactdat0_.email2 as email4_0_, contactdat0_.email3 as email5_0_, contactdat0_.home as home6_0_, contactdat0_.lastname as lastname7_0_, contactdat0_.mobile as mobile8_0_, contactdat0_.firstname as firstnam9_0_, contactdat0_.photo as photo10_0_, contactdat0_.work as work11_0_ from addressbook contactdat0_ where deprecated='0000-00-00'
]]></system-out>
  <system-err><![CDATA[]]></system-err>
</testsuite>
