<?xml version="1.0" encoding="UTF-8"?>
<testsuite name="ru.stqa.pft.addressbook.tests.ContactCreationTests" tests="3" skipped="0" failures="0" errors="0" timestamp="2017-12-29T12:18:53" hostname="Vitalys-MBP" time="11.131">
  <properties/>
  <testcase name="testContactCreation[0](ContactData{id=2147483647, name='Name 0', lastname='Lastname 0', homePhone='1212230', mobilePhone='93012335', workPhone='0121223', allPhones='null', email='test0@test.com', email2='test0@test2.com', email3='test0@test3.com', allEmails='null', address='Hackerway 0'})" classname="ru.stqa.pft.addressbook.tests.ContactCreationTests" time="4.477"/>
  <testcase name="testContactCreation[1](ContactData{id=2147483647, name='Name 1', lastname='Lastname 1', homePhone='1212231', mobilePhone='93112335', workPhone='1121223', allPhones='null', email='test1@test.com', email2='test1@test2.com', email3='test1@test3.com', allEmails='null', address='Hackerway 1'})" classname="ru.stqa.pft.addressbook.tests.ContactCreationTests" time="3.356"/>
  <testcase name="testContactCreation[2](ContactData{id=2147483647, name='Name 2', lastname='Lastname 2', homePhone='1212232', mobilePhone='93212335', workPhone='2121223', allPhones='null', email='test2@test.com', email2='test2@test2.com', email3='test2@test3.com', allEmails='null', address='Hackerway 2'})" classname="ru.stqa.pft.addressbook.tests.ContactCreationTests" time="3.298"/>
  <system-out><![CDATA[]]></system-out>
  <system-err><![CDATA[]]></system-err>
</testsuite>
